2011-09-18 11:48:06,200 [Worker-1] INFO  org.mortbay.log - Logging to Logger[org.mortbay.log] via org.mortbay.log.Slf4jLog
2011-09-18 11:51:41,502 [Worker-6] INFO  o.e.m.c.i.i.nexus.NexusIndexManager - Updating index for repository: central|http://repo1.maven.org/maven2
2011-09-18 12:13:30,047 [Worker-6] INFO  o.e.m.c.i.i.nexus.NexusIndexManager - Updated index for repository: central|http://repo1.maven.org/maven2 in 1308545 ms
2011-09-18 20:19:07,537 [New I/O client worker #2-1] INFO  o.e.m.c.i.e.AbstractTransferListenerAdapter - Downloading http://repo1.maven.org/maven2/junit/junit/4.8.1/junit-4.8.1-sources.jar
2011-09-18 20:19:08,775 [New I/O client worker #2-1] INFO  o.e.m.c.i.e.AbstractTransferListenerAdapter - Downloaded http://repo1.maven.org/maven2/junit/junit/4.8.1/junit-4.8.1-sources.jar
2011-09-18 20:19:09,076 [Worker-117] INFO  o.e.m.j.internal.DownloadSourcesJob - Downloaded sources for junit:junit:4.8.1
2011-09-19 07:14:04,305 [org.eclipse.jdt.internal.ui.text.JavaReconciler] INFO  org.mortbay.log - Logging to Logger[org.mortbay.log] via org.mortbay.log.Slf4jLog
2011-09-24 11:44:26,033 [Worker-11] INFO  org.mortbay.log - Logging to Logger[org.mortbay.log] via org.mortbay.log.Slf4jLog
2011-09-24 18:54:47,287 [Worker-6] INFO  org.mortbay.log - Logging to Logger[org.mortbay.log] via org.mortbay.log.Slf4jLog
2011-09-24 23:06:05,497 [Worker-91] INFO  o.e.m.c.i.i.nexus.NexusIndexManager - Updating index for repository: central|http://repo1.maven.org/maven2
2011-09-24 23:09:41,706 [Worker-91] INFO  o.e.m.c.i.i.nexus.NexusIndexManager - Updated index for repository: central|http://repo1.maven.org/maven2 in 216209 ms
2011-09-25 12:25:04,033 [org.eclipse.jdt.internal.ui.text.JavaReconciler] INFO  org.mortbay.log - Logging to Logger[org.mortbay.log] via org.mortbay.log.Slf4jLog
2011-09-25 15:37:43,815 [Worker-53] INFO  o.e.m.c.i.i.nexus.NexusIndexManager - Updating index for repository: central|http://repo1.maven.org/maven2
2011-09-25 15:37:50,077 [Worker-53] INFO  o.e.m.c.i.i.nexus.NexusIndexManager - Updated index for repository: central|http://repo1.maven.org/maven2 in 6263 ms
2011-09-26 20:47:14,810 [org.eclipse.jdt.internal.ui.text.JavaReconciler] INFO  org.mortbay.log - Logging to Logger[org.mortbay.log] via org.mortbay.log.Slf4jLog
2011-09-26 21:03:49,701 [main] INFO  org.mortbay.log - Logging to Logger[org.mortbay.log] via org.mortbay.log.Slf4jLog
2011-09-26 21:05:37,146 [org.eclipse.jdt.internal.ui.text.JavaReconciler] INFO  org.mortbay.log - Logging to Logger[org.mortbay.log] via org.mortbay.log.Slf4jLog
2011-09-29 21:17:46,792 [Worker-10] INFO  org.mortbay.log - Logging to Logger[org.mortbay.log] via org.mortbay.log.Slf4jLog
2011-10-01 21:48:42,267 [Worker-44] INFO  o.e.m.c.i.i.nexus.NexusIndexManager - Updating index for repository: central|http://repo1.maven.org/maven2
2011-10-01 21:58:59,251 [Worker-44] INFO  o.e.m.c.i.i.nexus.NexusIndexManager - Updated index for repository: central|http://repo1.maven.org/maven2 in 616984 ms
2011-10-05 08:25:42,044 [Worker-2] INFO  org.mortbay.log - Logging to Logger[org.mortbay.log] via org.mortbay.log.Slf4jLog
2011-10-06 07:14:46,733 [Worker-1] INFO  org.mortbay.log - Logging to Logger[org.mortbay.log] via org.mortbay.log.Slf4jLog
2011-10-07 10:07:36,103 [Worker-1] INFO  org.mortbay.log - Logging to Logger[org.mortbay.log] via org.mortbay.log.Slf4jLog
